{"/Users/joseluispulgarinacevedo/Documents/GitHub/sgsst-app/src/components/navbar/Navbar.jsx": {"path":"/Users/joseluispulgarinacevedo/Documents/GitHub/sgsst-app/src/components/navbar/Navbar.jsx","statementMap":{"0":{"start":{"line":4,"column":22},"end":{"line":22,"column":1}},"1":{"start":{"line":5,"column":2},"end":{"line":21,"column":3}}},"fnMap":{"0":{"name":"(anonymous_0)","decl":{"start":{"line":4,"column":22},"end":{"line":4,"column":23}},"loc":{"start":{"line":4,"column":28},"end":{"line":22,"column":1}},"line":4}},"branchMap":{},"s":{"0":1,"1":3},"f":{"0":3},"b":{},"_coverageSchema":"1a1c01bbd47fc00a2c39e90264f33305004495a9","hash":"3688ffed48b7d3cfa99bca8f5dd6a6876975004b"}
}
